*A:R1# 
*A:R1# 
*A:R1# //environment more false
INFO: CLI #2052: Switching to the MD-CLI engine

[/]
A:i.matyukin@R1# /environment more false

INFO: CLI #2051: Switching to the classic CLI engine
*A:R1# environment no more 
*A:R1# 
*A:R1# show system information | match Name 
System Name            : R1
*A:R1# 
*A:R1# environment no more 
*A:R1# 
*A:R1# environment time-stamp 

Tue Jan 14 15:41:01 UTC 2025
*A:R1# 

Tue Jan 14 15:41:01 UTC 2025
*A:R1# show service id 318608115 sap 

===============================================================================
SAP(Summary), Service 318608115
===============================================================================
PortId                          SvcId      Ing.  Ing.    Egr.  Egr.   Adm  Opr
                                           QoS   Fltr    QoS   Fltr        
-------------------------------------------------------------------------------
1/3/4                           318608115  1     none    1     none   Up   Up
1/3/5                           318608115  1     none    3     none   Up   Up
-------------------------------------------------------------------------------
Number of SAPs : 2
-------------------------------------------------------------------------------
===============================================================================

Tue Jan 14 15:41:02 UTC 2025
*A:R1# monitor service id 318608115 sap 1/3/5 rate interval 11 repeat 1 

===============================================================================
Monitor statistics for Service 318608115 SAP 1/3/5
===============================================================================
-------------------------------------------------------------------------------
At time t = 0 sec (Base Statistics)
-------------------------------------------------------------------------------

-------------------------------------------------------------------------------
Sap Aggregate Stats
-------------------------------------------------------------------------------
                        Packets                 Octets
Ingress
Aggregate Offered     : 365427964               23387389696             
Aggregate Forwarded   : 365427964               23387389696             
Aggregate Dropped     : 0                       0                       

Egress
Aggregate Forwarded   : 4288612390              274471193188            
Aggregate Dropped     : 29935627500             1915880160000           
-------------------------------------------------------------------------------
Sap Statistics
-------------------------------------------------------------------------------
Last Cleared Time     : N/A

                        Packets                 Octets
CPM Ingress           : 4                       278                      

Forwarding Engine Stats
Dropped               : 1034274078              66193540992              
Received Valid        : 365427964               23387389696              
Off. HiPrio           : 0                       0                        
Off. LowPrio          : 365427964               23387389696              
Off. Uncolor          : 0                       0                        
Off. Managed          : 0                       0                        

Queueing Stats(Ingress QoS Policy 1)
Dro. HiPrio           : 0                       0                        
Dro. LowPrio          : 0                       0                        
For. InProf           : 0                       0                        
For. OutProf          : 365427964               23387389696              

Queueing Stats(Egress QoS Policy 3)
Dro. In/InplusProf    : 0                       0                        
Dro. Out/ExcProf      : 29935627500             1915880160000            
For. In/InplusProf    : 15                      1188                     
For. Out/ExcProf      : 4288612375              274471192000             
-------------------------------------------------------------------------------
Sap per Queue Stats
-------------------------------------------------------------------------------
                        Packets                 Octets
 
Ingress Queue 1 (Unicast) (Priority)
Off. HiPrio           : 0                       0                        
Off. LowPrio          : 365427964               23387389696              
Dro. HiPrio           : 0                       0                        
Dro. LowPrio          : 0                       0                        
For. InProf           : 0                       0                        
For. OutProf          : 365427964               23387389696              
 
Egress Queue 1
For. In/InplusProf    : 0                       0                        
For. Out/ExcProf      : 36086578                2309540992               
Dro. In/InplusProf    : 0                       0                        
Dro. Out/ExcProf      : 12183636260             779752720640             
 
-------------------------------------------------------------------------------
At time t = 11 sec (Mode: Rate)
-------------------------------------------------------------------------------

-------------------------------------------------------------------------------
Sap Aggregate Stats
-------------------------------------------------------------------------------
                        Packets                 Octets
Ingress
Aggregate Offered     : 0                       0                       
Aggregate Forwarded   : 0                       0                       
Aggregate Dropped     : 0                       0                       

Egress
Aggregate Forwarded   : 4397                    281391                  
Aggregate Dropped     : 1484213                 94989620                
-------------------------------------------------------------------------------
Sap Statistics
-------------------------------------------------------------------------------
Last Cleared Time     : N/A

                        Packets                 Octets                  % Port
                                                                        Util.
CPM Ingress           : 0                       0                       0.00

Forwarding Engine Stats
Dropped               : 0                       0                       0.00
Received Valid        : 0                       0                       0.00
Off. HiPrio           : 0                       0                       0.00
Off. LowPrio          : 0                       0                       0.00
Off. Uncolor          : 0                       0                       0.00
Off. Managed          : 0                       0                       0.00

Queueing Stats(Ingress QoS Policy 1)
Dro. HiPrio           : 0                       0                       0.00
Dro. LowPrio          : 0                       0                       0.00
For. InProf           : 0                       0                       0.00
For. OutProf          : 0                       0                       0.00

Queueing Stats(Egress QoS Policy 3)
Dro. In/InplusProf    : 0                       0                       0.00
Dro. Out/ExcProf      : 1484213                 94989620                7.59
For. In/InplusProf    : 0                       0                       0.00
For. Out/ExcProf      : 4397                    281391                  0.02
-------------------------------------------------------------------------------
Sap per Queue Stats
-------------------------------------------------------------------------------
                        Packets                 Octets                  % Port
                                                                        Util.
 
Ingress Queue 1 (Unicast) (Priority)
Off. HiPrio           : 0                       0                       0.00
Off. LowPrio          : 0                       0                       0.00
Dro. HiPrio           : 0                       0                       0.00
Dro. LowPrio          : 0                       0                       0.00
For. InProf           : 0                       0                       0.00
For. OutProf          : 0                       0                       0.00
 
Egress Queue 1
For. In/InplusProf    : 0                       0                       0.00
For. Out/ExcProf      : 4397                    281391                  0.02
Dro. In/InplusProf    : 0                       0                       0.00
Dro. Out/ExcProf      : 1484213                 94989620                7.59
 
===============================================================================

Tue Jan 14 15:41:13 UTC 2025
*A:R1# 