A:R1# 
A:R1# 
A:R1# //environment more false
INFO: CLI #2052: Switching to the MD-CLI engine

[/]
A:R1# /environment more false

INFO: CLI #2051: Switching to the classic CLI engine
A:R1# environment no more 
A:R1# 
A:R1# show system information | match Name 
System Name            : R1
A:R1# 
A:R1# environment no more 
A:R1# 
A:R1# environment time-stamp 

Fri Jan 17 20:39:29 UTC 2025
A:R1# 

Fri Jan 17 20:39:29 UTC 2025
A:R1# show service id 315704736 sap 

===============================================================================
SAP(Summary), Service 315704736
===============================================================================
PortId                          SvcId      Ing.  Ing.    Egr.  Egr.   Adm  Opr
                                           QoS   Fltr    QoS   Fltr        
-------------------------------------------------------------------------------
1/3/4:1305                      315704736  1005  none    1005  none   Up   Up
1/3/5:1305                      315704736  1     none    1     none   Up   Up
-------------------------------------------------------------------------------
Number of SAPs : 2
-------------------------------------------------------------------------------
===============================================================================

Fri Jan 17 20:39:30 UTC 2025
A:R1# monitor service id 315704736 sap 1/3/4:1305 rate interval 11 repeat 1 

===============================================================================
Monitor statistics for Service 315704736 SAP 1/3/4:1305
===============================================================================
-------------------------------------------------------------------------------
At time t = 0 sec (Base Statistics)
-------------------------------------------------------------------------------

-------------------------------------------------------------------------------
Sap Aggregate Stats
-------------------------------------------------------------------------------
                        Packets                 Octets
Ingress
Aggregate Offered     : 226881800               13612908000             
Aggregate Forwarded   : 1397697                 83861820                
Aggregate Dropped     : 225379600               13522776000             

Egress
Aggregate Forwarded   : 2829444                 181084444               
Aggregate Dropped     : 619585546               39653474944             
-------------------------------------------------------------------------------
Sap Statistics
-------------------------------------------------------------------------------
Last Cleared Time     : N/A

                        Packets                 Octets
CPM Ingress           : 1                       60                       

Forwarding Engine Stats
Dropped               : 0                       0                        
Received Valid        : 219195190               14028492160              
Off. HiPrio           : 0                       0                        
Off. LowPrio          : 226881800               13612908000              
Off. Uncolor          : 0                       0                        
Off. Managed          : 0                       0                        

Queueing Stats(Ingress QoS Policy 1005)
Dro. HiPrio           : 0                       0                        
Dro. LowPrio          : 225379600               13522776000              
For. InProf           : 1397697                 83861820                 
For. OutProf          : 0                       0                        

Queueing Stats(Egress QoS Policy 1005)
Dro. In/InplusProf    : 0                       0                        
Dro. Out/ExcProf      : 619585546               39653474944              
For. In/InplusProf    : 7                       476                      
For. Out/ExcProf      : 2829437                 181083968                
-------------------------------------------------------------------------------
Sap per Queue Stats
-------------------------------------------------------------------------------
                        Packets                 Octets
 
Ingress Queue 1 (Unicast) (Priority)
Off. HiPrio           : 0                       0                        
Off. LowPrio          : 226881800               13612908000              
Dro. HiPrio           : 0                       0                        
Dro. LowPrio          : 225379600               13522776000              
For. InProf           : 1397697                 83861820                 
For. OutProf          : 0                       0                        
 
Ingress Queue 11 (Multipoint) (Priority)
Off. Combined         : 0                       0                        
Off. Managed          : 0                       0                        
Dro. HiPrio           : 0                       0                        
Dro. LowPrio          : 0                       0                        
For. InProf           : 0                       0                        
For. OutProf          : 0                       0                        
 
Ingress Queue 14 (Multipoint) (Profile)
Off. Combined         : 0                       0                        
Off. Managed          : 0                       0                        
Dro. ColorOut         : 0                       0                        
Dro. ColorIn/Uncolor  : 0                       0                        
For. InProf           : 0                       0                        
For. OutProf          : 0                       0                        
 
Egress Queue 1
For. In/InplusProf    : 7                       476                      
For. Out/ExcProf      : 2829437                 181083968                
Dro. In/InplusProf    : 0                       0                        
Dro. Out/ExcProf      : 619585546               39653474944              
 
-------------------------------------------------------------------------------
At time t = 11 sec (Mode: Rate)
-------------------------------------------------------------------------------

-------------------------------------------------------------------------------
Sap Aggregate Stats
-------------------------------------------------------------------------------
                        Packets                 Octets
Ingress
Aggregate Offered     : 1488294                 89297624                
Aggregate Forwarded   : 9169                    550125                  
Aggregate Dropped     : 1479125                 88747493                

Egress
Aggregate Forwarded   : 6543                    418761                  
Aggregate Dropped     : 1481751                 94832044                
-------------------------------------------------------------------------------
Sap Statistics
-------------------------------------------------------------------------------
Last Cleared Time     : N/A

                        Packets                 Octets                  % Port
                                                                        Util.
CPM Ingress           : 0                       0                       0.00

Forwarding Engine Stats
Dropped               : 0                       0                       0.00
Received Valid        : 1338125                 85640022                6.85
Off. HiPrio           : 0                       0                       0.00
Off. LowPrio          : 1488294                 89297624                7.14
Off. Uncolor          : 0                       0                       0.00
Off. Managed          : 0                       0                       0.00

Queueing Stats(Ingress QoS Policy 1005)
Dro. HiPrio           : 0                       0                       0.00
Dro. LowPrio          : 1479125                 88747493                7.09
For. InProf           : 9169                    550125                  0.04
For. OutProf          : 0                       0                       0.00

Queueing Stats(Egress QoS Policy 1005)
Dro. In/InplusProf    : 0                       0                       0.00
Dro. Out/ExcProf      : 1481751                 94832044                7.58
For. In/InplusProf    : 0                       0                       0.00
For. Out/ExcProf      : 6543                    418761                  0.03
-------------------------------------------------------------------------------
Sap per Queue Stats
-------------------------------------------------------------------------------
                        Packets                 Octets                  % Port
                                                                        Util.
 
Ingress Queue 1 (Unicast) (Priority)
Off. HiPrio           : 0                       0                       0.00
Off. LowPrio          : 1488294                 89297624                7.14
Dro. HiPrio           : 0                       0                       0.00
Dro. LowPrio          : 1479125                 88747493                7.09
For. InProf           : 9169                    550125                  0.04
For. OutProf          : 0                       0                       0.00
 
Ingress Queue 11 (Multipoint) (Priority)
Off. Combined         : 0                       0                       0.00
Off. Managed          : 0                       0                       0.00
Dro. HiPrio           : 0                       0                       0.00
Dro. LowPrio          : 0                       0                       0.00
For. InProf           : 0                       0                       0.00
For. OutProf          : 0                       0                       0.00
 
Ingress Queue 14 (Multipoint) (Profile)
Off. Combined         : 0                       0                       0.00
Off. Managed          : 0                       0                       0.00
Dro. ColorOut         : 0                       0                       0.00
Dro. ColorIn/Uncolor  : 0                       0                       0.00
For. InProf           : 0                       0                       0.00
For. OutProf          : 0                       0                       0.00
 
Egress Queue 1
For. In/InplusProf    : 0                       0                       0.00
For. Out/ExcProf      : 6543                    418761                  0.03
Dro. In/InplusProf    : 0                       0                       0.00
Dro. Out/ExcProf      : 1481751                 94832044                7.58
 
===============================================================================

Fri Jan 17 20:39:41 UTC 2025
A:R1# 

Fri Jan 17 20:39:41 UTC 2025
A:R1# show service id 315704736 sap 

===============================================================================
SAP(Summary), Service 315704736
===============================================================================
PortId                          SvcId      Ing.  Ing.    Egr.  Egr.   Adm  Opr
                                           QoS   Fltr    QoS   Fltr        
-------------------------------------------------------------------------------
1/3/4:1305                      315704736  1005  none    1005  none   Up   Up
1/3/5:1305                      315704736  1     none    1     none   Up   Up
-------------------------------------------------------------------------------
Number of SAPs : 2
-------------------------------------------------------------------------------
===============================================================================

Fri Jan 17 20:39:42 UTC 2025
A:R1# monitor service id 315704736 sap 1/3/5:1305 rate interval 11 repeat 1 

===============================================================================
Monitor statistics for Service 315704736 SAP 1/3/5:1305
===============================================================================
-------------------------------------------------------------------------------
At time t = 0 sec (Base Statistics)
-------------------------------------------------------------------------------

-------------------------------------------------------------------------------
Sap Aggregate Stats
-------------------------------------------------------------------------------
                        Packets                 Octets
Ingress
Aggregate Offered     : 640362838               40983221632             
Aggregate Forwarded   : 640362799               40983219136             
Aggregate Dropped     : 0                       0                       

Egress
Aggregate Forwarded   : 1507692                 96492300                
Aggregate Dropped     : 0                       0                       
-------------------------------------------------------------------------------
Sap Statistics
-------------------------------------------------------------------------------
Last Cleared Time     : N/A

                        Packets                 Octets
CPM Ingress           : 1                       60                       

Forwarding Engine Stats
Dropped               : 0                       0                        
Received Valid        : 629553160               40291402240              
Off. HiPrio           : 0                       0                        
Off. LowPrio          : 640362838               40983221632              
Off. Uncolor          : 0                       0                        
Off. Managed          : 0                       0                        

Queueing Stats(Ingress QoS Policy 1)
Dro. HiPrio           : 0                       0                        
Dro. LowPrio          : 0                       0                        
For. InProf           : 0                       0                        
For. OutProf          : 640362799               40983219136              

Queueing Stats(Egress QoS Policy 1)
Dro. In/InplusProf    : 0                       0                        
Dro. Out/ExcProf      : 0                       0                        
For. In/InplusProf    : 1507692                 96492300                 
For. Out/ExcProf      : 0                       0                        
-------------------------------------------------------------------------------
Sap per Queue Stats
-------------------------------------------------------------------------------
                        Packets                 Octets
 
Ingress Queue 1 (Unicast) (Priority)
Off. HiPrio           : 0                       0                        
Off. LowPrio          : 640362838               40983221632              
Dro. HiPrio           : 0                       0                        
Dro. LowPrio          : 0                       0                        
For. InProf           : 0                       0                        
For. OutProf          : 640362799               40983219136              
 
Ingress Queue 11 (Multipoint) (Priority)
Off. Combined         : 0                       0                        
Off. Managed          : 0                       0                        
Dro. HiPrio           : 0                       0                        
Dro. LowPrio          : 0                       0                        
For. InProf           : 0                       0                        
For. OutProf          : 0                       0                        
 
Egress Queue 1
For. In/InplusProf    : 1507692                 96492300                 
For. Out/ExcProf      : 0                       0                        
Dro. In/InplusProf    : 0                       0                        
Dro. Out/ExcProf      : 0                       0                        
 
-------------------------------------------------------------------------------
At time t = 11 sec (Mode: Rate)
-------------------------------------------------------------------------------

-------------------------------------------------------------------------------
Sap Aggregate Stats
-------------------------------------------------------------------------------
                        Packets                 Octets
Ingress
Aggregate Offered     : 1488409                 95258170                
Aggregate Forwarded   : 1488409                 95258164                
Aggregate Dropped     : 0                       0                       

Egress
Aggregate Forwarded   : 9169                    586824                  
Aggregate Dropped     : 0                       0                       
-------------------------------------------------------------------------------
Sap Statistics
-------------------------------------------------------------------------------
Last Cleared Time     : N/A

                        Packets                 Octets                  % Port
                                                                        Util.
CPM Ingress           : 0                       0                       0.00

Forwarding Engine Stats
Dropped               : 0                       0                       0.00
Received Valid        : 1351576                 86500889                6.92
Off. HiPrio           : 0                       0                       0.00
Off. LowPrio          : 1488409                 95258170                7.62
Off. Uncolor          : 0                       0                       0.00
Off. Managed          : 0                       0                       0.00

Queueing Stats(Ingress QoS Policy 1)
Dro. HiPrio           : 0                       0                       0.00
Dro. LowPrio          : 0                       0                       0.00
For. InProf           : 0                       0                       0.00
For. OutProf          : 1488409                 95258164                7.62

Queueing Stats(Egress QoS Policy 1)
Dro. In/InplusProf    : 0                       0                       0.00
Dro. Out/ExcProf      : 0                       0                       0.00
For. In/InplusProf    : 9169                    586824                  0.04
For. Out/ExcProf      : 0                       0                       0.00
-------------------------------------------------------------------------------
Sap per Queue Stats
-------------------------------------------------------------------------------
                        Packets                 Octets                  % Port
                                                                        Util.
 
Ingress Queue 1 (Unicast) (Priority)
Off. HiPrio           : 0                       0                       0.00
Off. LowPrio          : 1488409                 95258170                7.62
Dro. HiPrio           : 0                       0                       0.00
Dro. LowPrio          : 0                       0                       0.00
For. InProf           : 0                       0                       0.00
For. OutProf          : 1488409                 95258164                7.62
 
Ingress Queue 11 (Multipoint) (Priority)
Off. Combined         : 0                       0                       0.00
Off. Managed          : 0                       0                       0.00
Dro. HiPrio           : 0                       0                       0.00
Dro. LowPrio          : 0                       0                       0.00
For. InProf           : 0                       0                       0.00
For. OutProf          : 0                       0                       0.00
 
Egress Queue 1
For. In/InplusProf    : 9169                    586824                  0.04
For. Out/ExcProf      : 0                       0                       0.00
Dro. In/InplusProf    : 0                       0                       0.00
Dro. Out/ExcProf      : 0                       0                       0.00
 
===============================================================================

Fri Jan 17 20:39:53 UTC 2025
A:R1# 